<?xml version="1.0" encoding="UTF-8"?>
<!-- Generated by org.testng.reporters.JUnitReportReporter -->
<testsuite hostname="alexk-PC" name="com.example.tests.GroupCreationTests" tests="2" failures="0" timestamp="18 May 2014 12:13:41 GMT" time="3.354" errors="0">
  <testcase name="testNonEmptyGroupCreation" time="1.402" classname="com.example.tests.GroupCreationTests"/>
  <testcase name="testEmptyGroupCreation" time="1.952" classname="com.example.tests.GroupCreationTests"/>
</testsuite> <!-- com.example.tests.GroupCreationTests -->
