<?xml version="1.0" encoding="UTF-8"?>
<!-- Generated by org.testng.reporters.JUnitReportReporter -->
<testsuite hostname="alexk-PC" name="com.example.tests.ContactCreationTests" tests="2" failures="0" timestamp="20 May 2014 12:25:24 GMT" time="4.430" errors="0">
  <testcase name="testNonEmptyContactCreation" time="2.168" classname="com.example.tests.ContactCreationTests"/>
  <testcase name="testEmptyContactCreation" time="2.262" classname="com.example.tests.ContactCreationTests"/>
</testsuite> <!-- com.example.tests.ContactCreationTests -->
