<?xml version="1.0" encoding="UTF-8"?>
<!-- Generated by org.testng.reporters.JUnitReportReporter -->
<testsuite hostname="alexk-PC" name="com.example.tests.ContactCreationTests" tests="2" failures="0" timestamp="18 May 2014 15:31:33 GMT" time="6.720" errors="0">
  <testcase name="testNonEmptyContactCreation" time="2.433" classname="com.example.tests.ContactCreationTests"/>
  <testcase name="testEmptyContactCreation" time="4.287" classname="com.example.tests.ContactCreationTests"/>
</testsuite> <!-- com.example.tests.ContactCreationTests -->
