<?xml version="1.0" encoding="UTF-8"?>
<!-- Generated by org.testng.reporters.JUnitReportReporter -->
<testsuite hostname="alexk-PC" name="com.example.tests.AlsoGroupCreationTests" tests="2" failures="0" timestamp="18 May 2014 12:13:40 GMT" time="2.925" errors="0">
  <testcase name="testNonEmptyGroupCreation" time="1.456" classname="com.example.tests.AlsoGroupCreationTests"/>
  <testcase name="testEmptyGroupCreation" time="1.469" classname="com.example.tests.AlsoGroupCreationTests"/>
</testsuite> <!-- com.example.tests.AlsoGroupCreationTests -->
